{"/Users/mikes/Jadu/static-ify/lib/Managers/ResourceManager.js": {"path":"/Users/mikes/Jadu/static-ify/lib/Managers/ResourceManager.js","statementMap":{"0":{"start":{"line":1,"column":11},"end":{"line":1,"column":24}},"1":{"start":{"line":19,"column":8},"end":{"line":19,"column":35}},"2":{"start":{"line":20,"column":8},"end":{"line":20,"column":31}},"3":{"start":{"line":21,"column":8},"end":{"line":21,"column":39}},"4":{"start":{"line":22,"column":8},"end":{"line":22,"column":45}},"5":{"start":{"line":23,"column":8},"end":{"line":23,"column":41}},"6":{"start":{"line":24,"column":8},"end":{"line":24,"column":25}},"7":{"start":{"line":25,"column":8},"end":{"line":25,"column":27}},"8":{"start":{"line":26,"column":8},"end":{"line":26,"column":26}},"9":{"start":{"line":34,"column":8},"end":{"line":34,"column":28}},"10":{"start":{"line":43,"column":8},"end":{"line":43,"column":36}},"11":{"start":{"line":51,"column":8},"end":{"line":57,"column":15}},"12":{"start":{"line":52,"column":31},"end":{"line":54,"column":14}},"13":{"start":{"line":53,"column":16},"end":{"line":53,"column":44}},"14":{"start":{"line":56,"column":12},"end":{"line":56,"column":48}},"15":{"start":{"line":65,"column":8},"end":{"line":71,"column":15}},"16":{"start":{"line":66,"column":27},"end":{"line":68,"column":14}},"17":{"start":{"line":67,"column":16},"end":{"line":67,"column":45}},"18":{"start":{"line":70,"column":12},"end":{"line":70,"column":44}},"19":{"start":{"line":79,"column":8},"end":{"line":79,"column":29}},"20":{"start":{"line":87,"column":8},"end":{"line":87,"column":41}},"21":{"start":{"line":97,"column":8},"end":{"line":101,"column":9}},"22":{"start":{"line":98,"column":12},"end":{"line":98,"column":56}},"23":{"start":{"line":100,"column":12},"end":{"line":100,"column":41}},"24":{"start":{"line":103,"column":8},"end":{"line":103,"column":24}},"25":{"start":{"line":111,"column":8},"end":{"line":111,"column":25}},"26":{"start":{"line":119,"column":33},"end":{"line":121,"column":9}},"27":{"start":{"line":124,"column":8},"end":{"line":147,"column":9}},"28":{"start":{"line":125,"column":12},"end":{"line":146,"column":13}},"29":{"start":{"line":127,"column":16},"end":{"line":145,"column":17}},"30":{"start":{"line":128,"column":20},"end":{"line":144,"column":21}},"31":{"start":{"line":129,"column":48},"end":{"line":129,"column":117}},"32":{"start":{"line":131,"column":24},"end":{"line":135,"column":27}},"33":{"start":{"line":137,"column":24},"end":{"line":137,"column":50}},"34":{"start":{"line":139,"column":24},"end":{"line":141,"column":27}},"35":{"start":{"line":143,"column":24},"end":{"line":143,"column":51}},"36":{"start":{"line":149,"column":8},"end":{"line":149,"column":44}},"37":{"start":{"line":157,"column":8},"end":{"line":157,"column":42}},"38":{"start":{"line":165,"column":8},"end":{"line":165,"column":28}},"39":{"start":{"line":172,"column":8},"end":{"line":176,"column":11}},"40":{"start":{"line":173,"column":30},"end":{"line":173,"column":93}},"41":{"start":{"line":173,"column":78},"end":{"line":173,"column":92}},"42":{"start":{"line":175,"column":12},"end":{"line":175,"column":112}},"43":{"start":{"line":180,"column":0},"end":{"line":180,"column":33}}},"fnMap":{"0":{"name":"(anonymous_0)","decl":{"start":{"line":12,"column":4},"end":{"line":12,"column":5}},"loc":{"start":{"line":18,"column":6},"end":{"line":27,"column":5}},"line":18},"1":{"name":"(anonymous_1)","decl":{"start":{"line":33,"column":4},"end":{"line":33,"column":5}},"loc":{"start":{"line":33,"column":18},"end":{"line":35,"column":5}},"line":33},"2":{"name":"(anonymous_2)","decl":{"start":{"line":42,"column":4},"end":{"line":42,"column":5}},"loc":{"start":{"line":42,"column":22},"end":{"line":44,"column":5}},"line":42},"3":{"name":"(anonymous_3)","decl":{"start":{"line":50,"column":4},"end":{"line":50,"column":5}},"loc":{"start":{"line":50,"column":30},"end":{"line":58,"column":5}},"line":50},"4":{"name":"(anonymous_4)","decl":{"start":{"line":51,"column":48},"end":{"line":51,"column":49}},"loc":{"start":{"line":51,"column":69},"end":{"line":57,"column":9}},"line":51},"5":{"name":"(anonymous_5)","decl":{"start":{"line":52,"column":67},"end":{"line":52,"column":68}},"loc":{"start":{"line":52,"column":79},"end":{"line":54,"column":13}},"line":52},"6":{"name":"(anonymous_6)","decl":{"start":{"line":64,"column":4},"end":{"line":64,"column":5}},"loc":{"start":{"line":64,"column":26},"end":{"line":72,"column":5}},"line":64},"7":{"name":"(anonymous_7)","decl":{"start":{"line":65,"column":48},"end":{"line":65,"column":49}},"loc":{"start":{"line":65,"column":69},"end":{"line":71,"column":9}},"line":65},"8":{"name":"(anonymous_8)","decl":{"start":{"line":66,"column":63},"end":{"line":66,"column":64}},"loc":{"start":{"line":66,"column":75},"end":{"line":68,"column":13}},"line":66},"9":{"name":"(anonymous_9)","decl":{"start":{"line":78,"column":4},"end":{"line":78,"column":5}},"loc":{"start":{"line":78,"column":19},"end":{"line":80,"column":5}},"line":78},"10":{"name":"(anonymous_10)","decl":{"start":{"line":86,"column":4},"end":{"line":86,"column":5}},"loc":{"start":{"line":86,"column":24},"end":{"line":88,"column":5}},"line":86},"11":{"name":"(anonymous_11)","decl":{"start":{"line":96,"column":4},"end":{"line":96,"column":5}},"loc":{"start":{"line":96,"column":33},"end":{"line":104,"column":5}},"line":96},"12":{"name":"(anonymous_12)","decl":{"start":{"line":110,"column":4},"end":{"line":110,"column":5}},"loc":{"start":{"line":110,"column":19},"end":{"line":112,"column":5}},"line":110},"13":{"name":"(anonymous_13)","decl":{"start":{"line":117,"column":4},"end":{"line":117,"column":5}},"loc":{"start":{"line":117,"column":24},"end":{"line":150,"column":5}},"line":117},"14":{"name":"(anonymous_14)","decl":{"start":{"line":156,"column":4},"end":{"line":156,"column":5}},"loc":{"start":{"line":156,"column":28},"end":{"line":158,"column":5}},"line":156},"15":{"name":"(anonymous_15)","decl":{"start":{"line":164,"column":4},"end":{"line":164,"column":5}},"loc":{"start":{"line":164,"column":18},"end":{"line":166,"column":5}},"line":164},"16":{"name":"(anonymous_16)","decl":{"start":{"line":171,"column":4},"end":{"line":171,"column":5}},"loc":{"start":{"line":171,"column":12},"end":{"line":177,"column":5}},"line":171},"17":{"name":"(anonymous_17)","decl":{"start":{"line":172,"column":42},"end":{"line":172,"column":43}},"loc":{"start":{"line":172,"column":50},"end":{"line":176,"column":9}},"line":172},"18":{"name":"(anonymous_18)","decl":{"start":{"line":173,"column":66},"end":{"line":173,"column":67}},"loc":{"start":{"line":173,"column":78},"end":{"line":173,"column":92}},"line":173}},"branchMap":{"0":{"loc":{"start":{"line":97,"column":8},"end":{"line":101,"column":9}},"type":"if","locations":[{"start":{"line":97,"column":8},"end":{"line":101,"column":9}},{"start":{"line":97,"column":8},"end":{"line":101,"column":9}}],"line":97},"1":{"loc":{"start":{"line":127,"column":16},"end":{"line":145,"column":17}},"type":"if","locations":[{"start":{"line":127,"column":16},"end":{"line":145,"column":17}},{"start":{"line":127,"column":16},"end":{"line":145,"column":17}}],"line":127}},"s":{"0":1,"1":0,"2":0,"3":0,"4":0,"5":0,"6":0,"7":0,"8":0,"9":0,"10":0,"11":0,"12":0,"13":0,"14":0,"15":0,"16":0,"17":0,"18":0,"19":0,"20":0,"21":0,"22":0,"23":0,"24":0,"25":0,"26":0,"27":0,"28":0,"29":0,"30":0,"31":0,"32":0,"33":0,"34":0,"35":0,"36":0,"37":0,"38":0,"39":0,"40":0,"41":0,"42":0,"43":1},"f":{"0":0,"1":0,"2":0,"3":0,"4":0,"5":0,"6":0,"7":0,"8":0,"9":0,"10":0,"11":0,"12":0,"13":0,"14":0,"15":0,"16":0,"17":0,"18":0},"b":{"0":[0,0],"1":[0,0]},"_coverageSchema":"332fd63041d2c1bcb487cc26dd0d5f7d97098a6c","hash":"0f180445203ee649a979bc36821c6f2a0f48e7b9"}
,"/Users/mikes/Jadu/static-ify/lib/Resources/Resource.js": {"path":"/Users/mikes/Jadu/static-ify/lib/Resources/Resource.js","statementMap":{"0":{"start":{"line":20,"column":8},"end":{"line":20,"column":27}},"1":{"start":{"line":21,"column":8},"end":{"line":21,"column":33}},"2":{"start":{"line":22,"column":8},"end":{"line":22,"column":25}},"3":{"start":{"line":23,"column":8},"end":{"line":23,"column":27}},"4":{"start":{"line":24,"column":8},"end":{"line":24,"column":33}},"5":{"start":{"line":25,"column":8},"end":{"line":25,"column":53}},"6":{"start":{"line":26,"column":8},"end":{"line":26,"column":45}},"7":{"start":{"line":27,"column":8},"end":{"line":27,"column":28}},"8":{"start":{"line":35,"column":8},"end":{"line":35,"column":39}},"9":{"start":{"line":43,"column":8},"end":{"line":43,"column":29}},"10":{"start":{"line":51,"column":8},"end":{"line":51,"column":28}},"11":{"start":{"line":59,"column":8},"end":{"line":59,"column":31}},"12":{"start":{"line":67,"column":8},"end":{"line":67,"column":29}},"13":{"start":{"line":75,"column":8},"end":{"line":75,"column":26}},"14":{"start":{"line":83,"column":8},"end":{"line":83,"column":26}},"15":{"start":{"line":87,"column":0},"end":{"line":87,"column":26}}},"fnMap":{"0":{"name":"(anonymous_0)","decl":{"start":{"line":11,"column":4},"end":{"line":11,"column":5}},"loc":{"start":{"line":19,"column":6},"end":{"line":28,"column":5}},"line":19},"1":{"name":"(anonymous_1)","decl":{"start":{"line":34,"column":4},"end":{"line":34,"column":5}},"loc":{"start":{"line":34,"column":29},"end":{"line":36,"column":5}},"line":34},"2":{"name":"(anonymous_2)","decl":{"start":{"line":42,"column":4},"end":{"line":42,"column":5}},"loc":{"start":{"line":42,"column":19},"end":{"line":44,"column":5}},"line":42},"3":{"name":"(anonymous_3)","decl":{"start":{"line":50,"column":4},"end":{"line":50,"column":5}},"loc":{"start":{"line":50,"column":18},"end":{"line":52,"column":5}},"line":50},"4":{"name":"(anonymous_4)","decl":{"start":{"line":58,"column":4},"end":{"line":58,"column":5}},"loc":{"start":{"line":58,"column":25},"end":{"line":60,"column":5}},"line":58},"5":{"name":"(anonymous_5)","decl":{"start":{"line":66,"column":4},"end":{"line":66,"column":5}},"loc":{"start":{"line":66,"column":19},"end":{"line":68,"column":5}},"line":66},"6":{"name":"(anonymous_6)","decl":{"start":{"line":74,"column":4},"end":{"line":74,"column":5}},"loc":{"start":{"line":74,"column":16},"end":{"line":76,"column":5}},"line":74},"7":{"name":"(anonymous_7)","decl":{"start":{"line":82,"column":4},"end":{"line":82,"column":5}},"loc":{"start":{"line":82,"column":16},"end":{"line":84,"column":5}},"line":82}},"branchMap":{},"s":{"0":0,"1":0,"2":0,"3":0,"4":0,"5":0,"6":0,"7":0,"8":0,"9":0,"10":0,"11":0,"12":0,"13":0,"14":0,"15":1},"f":{"0":0,"1":0,"2":0,"3":0,"4":0,"5":0,"6":0,"7":0},"b":{},"_coverageSchema":"332fd63041d2c1bcb487cc26dd0d5f7d97098a6c","hash":"42a983232a6a78623d9d969b57fe4d1b7bb442f8"}
,"/Users/mikes/Jadu/static-ify/lib/Services/ErrorService.js": {"path":"/Users/mikes/Jadu/static-ify/lib/Services/ErrorService.js","statementMap":{"0":{"start":{"line":6,"column":8},"end":{"line":6,"column":41}},"1":{"start":{"line":7,"column":8},"end":{"line":7,"column":25}},"2":{"start":{"line":16,"column":8},"end":{"line":16,"column":40}},"3":{"start":{"line":18,"column":8},"end":{"line":22,"column":10}},"4":{"start":{"line":24,"column":8},"end":{"line":26,"column":9}},"5":{"start":{"line":25,"column":12},"end":{"line":25,"column":33}},"6":{"start":{"line":34,"column":8},"end":{"line":34,"column":27}},"7":{"start":{"line":38,"column":0},"end":{"line":38,"column":30}}},"fnMap":{"0":{"name":"(anonymous_0)","decl":{"start":{"line":5,"column":4},"end":{"line":5,"column":5}},"loc":{"start":{"line":5,"column":31},"end":{"line":8,"column":5}},"line":5},"1":{"name":"(anonymous_1)","decl":{"start":{"line":15,"column":4},"end":{"line":15,"column":5}},"loc":{"start":{"line":15,"column":39},"end":{"line":27,"column":5}},"line":15},"2":{"name":"(anonymous_2)","decl":{"start":{"line":33,"column":4},"end":{"line":33,"column":5}},"loc":{"start":{"line":33,"column":17},"end":{"line":35,"column":5}},"line":33}},"branchMap":{"0":{"loc":{"start":{"line":15,"column":23},"end":{"line":15,"column":35}},"type":"default-arg","locations":[{"start":{"line":15,"column":30},"end":{"line":15,"column":35}}],"line":15},"1":{"loc":{"start":{"line":24,"column":8},"end":{"line":26,"column":9}},"type":"if","locations":[{"start":{"line":24,"column":8},"end":{"line":26,"column":9}},{"start":{"line":24,"column":8},"end":{"line":26,"column":9}}],"line":24}},"s":{"0":0,"1":0,"2":0,"3":0,"4":0,"5":0,"6":0,"7":1},"f":{"0":0,"1":0,"2":0},"b":{"0":[0],"1":[0,0]},"_coverageSchema":"332fd63041d2c1bcb487cc26dd0d5f7d97098a6c","hash":"863a215179a84358837e421a74db2056aec7e8f8"}
,"/Users/mikes/Jadu/static-ify/lib/Services/FileService.js": {"path":"/Users/mikes/Jadu/static-ify/lib/Services/FileService.js","statementMap":{"0":{"start":{"line":16,"column":8},"end":{"line":16,"column":25}},"1":{"start":{"line":17,"column":8},"end":{"line":17,"column":29}},"2":{"start":{"line":18,"column":8},"end":{"line":18,"column":29}},"3":{"start":{"line":19,"column":8},"end":{"line":19,"column":21}},"4":{"start":{"line":20,"column":8},"end":{"line":20,"column":41}},"5":{"start":{"line":29,"column":8},"end":{"line":42,"column":11}},"6":{"start":{"line":30,"column":25},"end":{"line":30,"column":57}},"7":{"start":{"line":32,"column":12},"end":{"line":41,"column":15}},"8":{"start":{"line":33,"column":16},"end":{"line":40,"column":17}},"9":{"start":{"line":34,"column":20},"end":{"line":37,"column":23}},"10":{"start":{"line":39,"column":20},"end":{"line":39,"column":84}},"11":{"start":{"line":50,"column":8},"end":{"line":59,"column":11}},"12":{"start":{"line":51,"column":12},"end":{"line":58,"column":13}},"13":{"start":{"line":52,"column":16},"end":{"line":55,"column":19}},"14":{"start":{"line":57,"column":16},"end":{"line":57,"column":82}},"15":{"start":{"line":69,"column":8},"end":{"line":103,"column":11}},"16":{"start":{"line":70,"column":31},"end":{"line":70,"column":61}},"17":{"start":{"line":73,"column":12},"end":{"line":102,"column":13}},"18":{"start":{"line":74,"column":16},"end":{"line":85,"column":19}},"19":{"start":{"line":75,"column":20},"end":{"line":84,"column":21}},"20":{"start":{"line":76,"column":24},"end":{"line":76,"column":38}},"21":{"start":{"line":77,"column":24},"end":{"line":80,"column":27}},"22":{"start":{"line":82,"column":24},"end":{"line":82,"column":90}},"23":{"start":{"line":83,"column":24},"end":{"line":83,"column":34}},"24":{"start":{"line":88,"column":31},"end":{"line":88,"column":79}},"25":{"start":{"line":90,"column":16},"end":{"line":93,"column":19}},"26":{"start":{"line":91,"column":20},"end":{"line":91,"column":86}},"27":{"start":{"line":92,"column":20},"end":{"line":92,"column":30}},"28":{"start":{"line":95,"column":16},"end":{"line":101,"column":19}},"29":{"start":{"line":96,"column":20},"end":{"line":96,"column":34}},"30":{"start":{"line":97,"column":20},"end":{"line":100,"column":23}},"31":{"start":{"line":107,"column":0},"end":{"line":107,"column":29}}},"fnMap":{"0":{"name":"(anonymous_0)","decl":{"start":{"line":9,"column":4},"end":{"line":9,"column":5}},"loc":{"start":{"line":15,"column":6},"end":{"line":21,"column":5}},"line":15},"1":{"name":"(anonymous_1)","decl":{"start":{"line":28,"column":4},"end":{"line":28,"column":5}},"loc":{"start":{"line":28,"column":52},"end":{"line":43,"column":5}},"line":28},"2":{"name":"(anonymous_2)","decl":{"start":{"line":29,"column":26},"end":{"line":29,"column":27}},"loc":{"start":{"line":29,"column":38},"end":{"line":42,"column":9}},"line":29},"3":{"name":"(anonymous_3)","decl":{"start":{"line":32,"column":30},"end":{"line":32,"column":31}},"loc":{"start":{"line":32,"column":39},"end":{"line":41,"column":13}},"line":32},"4":{"name":"(anonymous_4)","decl":{"start":{"line":49,"column":4},"end":{"line":49,"column":5}},"loc":{"start":{"line":49,"column":41},"end":{"line":60,"column":5}},"line":49},"5":{"name":"(anonymous_5)","decl":{"start":{"line":50,"column":32},"end":{"line":50,"column":33}},"loc":{"start":{"line":50,"column":41},"end":{"line":59,"column":9}},"line":50},"6":{"name":"(anonymous_6)","decl":{"start":{"line":68,"column":4},"end":{"line":68,"column":5}},"loc":{"start":{"line":68,"column":36},"end":{"line":104,"column":5}},"line":68},"7":{"name":"(anonymous_7)","decl":{"start":{"line":69,"column":27},"end":{"line":69,"column":28}},"loc":{"start":{"line":69,"column":48},"end":{"line":103,"column":9}},"line":69},"8":{"name":"(anonymous_8)","decl":{"start":{"line":74,"column":61},"end":{"line":74,"column":62}},"loc":{"start":{"line":74,"column":70},"end":{"line":85,"column":17}},"line":74},"9":{"name":"(anonymous_9)","decl":{"start":{"line":90,"column":36},"end":{"line":90,"column":37}},"loc":{"start":{"line":90,"column":42},"end":{"line":93,"column":17}},"line":90},"10":{"name":"(anonymous_10)","decl":{"start":{"line":95,"column":35},"end":{"line":95,"column":36}},"loc":{"start":{"line":95,"column":44},"end":{"line":101,"column":17}},"line":95}},"branchMap":{"0":{"loc":{"start":{"line":33,"column":16},"end":{"line":40,"column":17}},"type":"if","locations":[{"start":{"line":33,"column":16},"end":{"line":40,"column":17}},{"start":{"line":33,"column":16},"end":{"line":40,"column":17}}],"line":33},"1":{"loc":{"start":{"line":51,"column":12},"end":{"line":58,"column":13}},"type":"if","locations":[{"start":{"line":51,"column":12},"end":{"line":58,"column":13}},{"start":{"line":51,"column":12},"end":{"line":58,"column":13}}],"line":51},"2":{"loc":{"start":{"line":73,"column":12},"end":{"line":102,"column":13}},"type":"if","locations":[{"start":{"line":73,"column":12},"end":{"line":102,"column":13}},{"start":{"line":73,"column":12},"end":{"line":102,"column":13}}],"line":73},"3":{"loc":{"start":{"line":75,"column":20},"end":{"line":84,"column":21}},"type":"if","locations":[{"start":{"line":75,"column":20},"end":{"line":84,"column":21}},{"start":{"line":75,"column":20},"end":{"line":84,"column":21}}],"line":75}},"s":{"0":0,"1":0,"2":0,"3":0,"4":0,"5":0,"6":0,"7":0,"8":0,"9":0,"10":0,"11":0,"12":0,"13":0,"14":0,"15":0,"16":0,"17":0,"18":0,"19":0,"20":0,"21":0,"22":0,"23":0,"24":0,"25":0,"26":0,"27":0,"28":0,"29":0,"30":0,"31":1},"f":{"0":0,"1":0,"2":0,"3":0,"4":0,"5":0,"6":0,"7":0,"8":0,"9":0,"10":0},"b":{"0":[0,0],"1":[0,0],"2":[0,0],"3":[0,0]},"_coverageSchema":"332fd63041d2c1bcb487cc26dd0d5f7d97098a6c","hash":"98ed493496c80b11aa7b1239bfa8a86a696963af"}
,"/Users/mikes/Jadu/static-ify/lib/Services/RequestService.js": {"path":"/Users/mikes/Jadu/static-ify/lib/Services/RequestService.js","statementMap":{"0":{"start":{"line":1,"column":11},"end":{"line":1,"column":24}},"1":{"start":{"line":13,"column":8},"end":{"line":13,"column":31}},"2":{"start":{"line":14,"column":8},"end":{"line":14,"column":41}},"3":{"start":{"line":23,"column":8},"end":{"line":40,"column":11}},"4":{"start":{"line":24,"column":12},"end":{"line":39,"column":19}},"5":{"start":{"line":27,"column":20},"end":{"line":30,"column":21}},"6":{"start":{"line":28,"column":24},"end":{"line":28,"column":41}},"7":{"start":{"line":29,"column":24},"end":{"line":29,"column":42}},"8":{"start":{"line":34,"column":20},"end":{"line":34,"column":33}},"9":{"start":{"line":38,"column":20},"end":{"line":38,"column":34}},"10":{"start":{"line":44,"column":0},"end":{"line":44,"column":32}}},"fnMap":{"0":{"name":"(anonymous_0)","decl":{"start":{"line":9,"column":4},"end":{"line":9,"column":5}},"loc":{"start":{"line":12,"column":6},"end":{"line":15,"column":5}},"line":12},"1":{"name":"(anonymous_1)","decl":{"start":{"line":22,"column":4},"end":{"line":22,"column":5}},"loc":{"start":{"line":22,"column":30},"end":{"line":41,"column":5}},"line":22},"2":{"name":"(anonymous_2)","decl":{"start":{"line":23,"column":28},"end":{"line":23,"column":29}},"loc":{"start":{"line":23,"column":49},"end":{"line":40,"column":9}},"line":23},"3":{"name":"(anonymous_3)","decl":{"start":{"line":25,"column":32},"end":{"line":25,"column":33}},"loc":{"start":{"line":25,"column":44},"end":{"line":31,"column":17}},"line":25},"4":{"name":"(anonymous_4)","decl":{"start":{"line":33,"column":22},"end":{"line":33,"column":23}},"loc":{"start":{"line":33,"column":29},"end":{"line":35,"column":17}},"line":33},"5":{"name":"(anonymous_5)","decl":{"start":{"line":37,"column":23},"end":{"line":37,"column":24}},"loc":{"start":{"line":37,"column":32},"end":{"line":39,"column":17}},"line":37}},"branchMap":{"0":{"loc":{"start":{"line":22,"column":14},"end":{"line":22,"column":28}},"type":"default-arg","locations":[{"start":{"line":22,"column":23},"end":{"line":22,"column":28}}],"line":22},"1":{"loc":{"start":{"line":27,"column":20},"end":{"line":30,"column":21}},"type":"if","locations":[{"start":{"line":27,"column":20},"end":{"line":30,"column":21}},{"start":{"line":27,"column":20},"end":{"line":30,"column":21}}],"line":27},"2":{"loc":{"start":{"line":27,"column":24},"end":{"line":27,"column":61}},"type":"binary-expr","locations":[{"start":{"line":27,"column":24},"end":{"line":27,"column":30}},{"start":{"line":27,"column":34},"end":{"line":27,"column":61}}],"line":27}},"s":{"0":1,"1":0,"2":0,"3":0,"4":0,"5":0,"6":0,"7":0,"8":0,"9":0,"10":1},"f":{"0":0,"1":0,"2":0,"3":0,"4":0,"5":0},"b":{"0":[0],"1":[0,0],"2":[0,0]},"_coverageSchema":"332fd63041d2c1bcb487cc26dd0d5f7d97098a6c","hash":"7db4b986649eec8fead5a283863a946d62b82194"}
,"/Users/mikes/Jadu/static-ify/lib/Utils/TestUtils.js": {"path":"/Users/mikes/Jadu/static-ify/lib/Utils/TestUtils.js","statementMap":{"0":{"start":{"line":8,"column":25},"end":{"line":15,"column":14}},"1":{"start":{"line":10,"column":12},"end":{"line":12,"column":13}},"2":{"start":{"line":11,"column":16},"end":{"line":11,"column":37}},"3":{"start":{"line":14,"column":12},"end":{"line":14,"column":25}},"4":{"start":{"line":17,"column":4},"end":{"line":17,"column":39}},"5":{"start":{"line":20,"column":0},"end":{"line":20,"column":40}}},"fnMap":{"0":{"name":"createStubInstance","decl":{"start":{"line":7,"column":9},"end":{"line":7,"column":27}},"loc":{"start":{"line":7,"column":43},"end":{"line":18,"column":1}},"line":7},"1":{"name":"(anonymous_1)","decl":{"start":{"line":9,"column":16},"end":{"line":9,"column":17}},"loc":{"start":{"line":9,"column":33},"end":{"line":15,"column":9}},"line":9}},"branchMap":{"0":{"loc":{"start":{"line":10,"column":12},"end":{"line":12,"column":13}},"type":"if","locations":[{"start":{"line":10,"column":12},"end":{"line":12,"column":13}},{"start":{"line":10,"column":12},"end":{"line":12,"column":13}}],"line":10}},"s":{"0":9,"1":18,"2":12,"3":18,"4":6,"5":1},"f":{"0":9,"1":18},"b":{"0":[12,6]},"_coverageSchema":"332fd63041d2c1bcb487cc26dd0d5f7d97098a6c","hash":"f187332bd727cb3f67395bdae6ec3125be3e03e6"}
}
