TN:
SF:/Users/mikes/Jadu/static-ify/lib/Managers/ResourceManager.js
FN:12,(anonymous_0)
FN:33,(anonymous_1)
FN:42,(anonymous_2)
FN:50,(anonymous_3)
FN:51,(anonymous_4)
FN:52,(anonymous_5)
FN:64,(anonymous_6)
FN:65,(anonymous_7)
FN:66,(anonymous_8)
FN:78,(anonymous_9)
FN:86,(anonymous_10)
FN:96,(anonymous_11)
FN:110,(anonymous_12)
FN:117,(anonymous_13)
FN:156,(anonymous_14)
FN:164,(anonymous_15)
FN:171,(anonymous_16)
FN:172,(anonymous_17)
FN:173,(anonymous_18)
FNF:19
FNH:0
FNDA:0,(anonymous_0)
FNDA:0,(anonymous_1)
FNDA:0,(anonymous_2)
FNDA:0,(anonymous_3)
FNDA:0,(anonymous_4)
FNDA:0,(anonymous_5)
FNDA:0,(anonymous_6)
FNDA:0,(anonymous_7)
FNDA:0,(anonymous_8)
FNDA:0,(anonymous_9)
FNDA:0,(anonymous_10)
FNDA:0,(anonymous_11)
FNDA:0,(anonymous_12)
FNDA:0,(anonymous_13)
FNDA:0,(anonymous_14)
FNDA:0,(anonymous_15)
FNDA:0,(anonymous_16)
FNDA:0,(anonymous_17)
FNDA:0,(anonymous_18)
DA:1,1
DA:19,0
DA:20,0
DA:21,0
DA:22,0
DA:23,0
DA:24,0
DA:25,0
DA:26,0
DA:34,0
DA:43,0
DA:51,0
DA:52,0
DA:53,0
DA:56,0
DA:65,0
DA:66,0
DA:67,0
DA:70,0
DA:79,0
DA:87,0
DA:97,0
DA:98,0
DA:100,0
DA:103,0
DA:111,0
DA:119,0
DA:124,0
DA:125,0
DA:127,0
DA:128,0
DA:129,0
DA:131,0
DA:137,0
DA:139,0
DA:143,0
DA:149,0
DA:157,0
DA:165,0
DA:172,0
DA:173,0
DA:175,0
DA:180,1
LF:43
LH:2
BRDA:97,0,0,0
BRDA:97,0,1,0
BRDA:127,1,0,0
BRDA:127,1,1,0
BRF:4
BRH:0
end_of_record
TN:
SF:/Users/mikes/Jadu/static-ify/lib/Resources/Resource.js
FN:11,(anonymous_0)
FN:34,(anonymous_1)
FN:42,(anonymous_2)
FN:50,(anonymous_3)
FN:58,(anonymous_4)
FN:66,(anonymous_5)
FN:74,(anonymous_6)
FN:82,(anonymous_7)
FNF:8
FNH:0
FNDA:0,(anonymous_0)
FNDA:0,(anonymous_1)
FNDA:0,(anonymous_2)
FNDA:0,(anonymous_3)
FNDA:0,(anonymous_4)
FNDA:0,(anonymous_5)
FNDA:0,(anonymous_6)
FNDA:0,(anonymous_7)
DA:20,0
DA:21,0
DA:22,0
DA:23,0
DA:24,0
DA:25,0
DA:26,0
DA:27,0
DA:35,0
DA:43,0
DA:51,0
DA:59,0
DA:67,0
DA:75,0
DA:83,0
DA:87,1
LF:16
LH:1
BRF:0
BRH:0
end_of_record
TN:
SF:/Users/mikes/Jadu/static-ify/lib/Services/ErrorService.js
FN:5,(anonymous_0)
FN:15,(anonymous_1)
FN:33,(anonymous_2)
FNF:3
FNH:0
FNDA:0,(anonymous_0)
FNDA:0,(anonymous_1)
FNDA:0,(anonymous_2)
DA:6,0
DA:7,0
DA:16,0
DA:18,0
DA:24,0
DA:25,0
DA:34,0
DA:38,1
LF:8
LH:1
BRDA:15,0,0,0
BRDA:24,1,0,0
BRDA:24,1,1,0
BRF:3
BRH:0
end_of_record
TN:
SF:/Users/mikes/Jadu/static-ify/lib/Services/FileService.js
FN:9,(anonymous_0)
FN:28,(anonymous_1)
FN:29,(anonymous_2)
FN:32,(anonymous_3)
FN:49,(anonymous_4)
FN:50,(anonymous_5)
FN:68,(anonymous_6)
FN:69,(anonymous_7)
FN:74,(anonymous_8)
FN:90,(anonymous_9)
FN:95,(anonymous_10)
FNF:11
FNH:0
FNDA:0,(anonymous_0)
FNDA:0,(anonymous_1)
FNDA:0,(anonymous_2)
FNDA:0,(anonymous_3)
FNDA:0,(anonymous_4)
FNDA:0,(anonymous_5)
FNDA:0,(anonymous_6)
FNDA:0,(anonymous_7)
FNDA:0,(anonymous_8)
FNDA:0,(anonymous_9)
FNDA:0,(anonymous_10)
DA:16,0
DA:17,0
DA:18,0
DA:19,0
DA:20,0
DA:29,0
DA:30,0
DA:32,0
DA:33,0
DA:34,0
DA:39,0
DA:50,0
DA:51,0
DA:52,0
DA:57,0
DA:69,0
DA:70,0
DA:73,0
DA:74,0
DA:75,0
DA:76,0
DA:77,0
DA:82,0
DA:83,0
DA:88,0
DA:90,0
DA:91,0
DA:92,0
DA:95,0
DA:96,0
DA:97,0
DA:107,1
LF:32
LH:1
BRDA:33,0,0,0
BRDA:33,0,1,0
BRDA:51,1,0,0
BRDA:51,1,1,0
BRDA:73,2,0,0
BRDA:73,2,1,0
BRDA:75,3,0,0
BRDA:75,3,1,0
BRF:8
BRH:0
end_of_record
TN:
SF:/Users/mikes/Jadu/static-ify/lib/Services/RequestService.js
FN:9,(anonymous_0)
FN:22,(anonymous_1)
FN:23,(anonymous_2)
FN:25,(anonymous_3)
FN:33,(anonymous_4)
FN:37,(anonymous_5)
FNF:6
FNH:0
FNDA:0,(anonymous_0)
FNDA:0,(anonymous_1)
FNDA:0,(anonymous_2)
FNDA:0,(anonymous_3)
FNDA:0,(anonymous_4)
FNDA:0,(anonymous_5)
DA:1,1
DA:13,0
DA:14,0
DA:23,0
DA:24,0
DA:27,0
DA:28,0
DA:29,0
DA:34,0
DA:38,0
DA:44,1
LF:11
LH:2
BRDA:22,0,0,0
BRDA:27,1,0,0
BRDA:27,1,1,0
BRDA:27,2,0,0
BRDA:27,2,1,0
BRF:5
BRH:0
end_of_record
TN:
SF:/Users/mikes/Jadu/static-ify/lib/Utils/TestUtils.js
FN:7,createStubInstance
FN:9,(anonymous_1)
FNF:2
FNH:2
FNDA:9,createStubInstance
FNDA:18,(anonymous_1)
DA:8,9
DA:10,18
DA:11,12
DA:14,18
DA:17,6
DA:20,1
LF:6
LH:6
BRDA:10,0,0,12
BRDA:10,0,1,6
BRF:2
BRH:2
end_of_record
